2025-08-03T22:14:17.935+02:00  INFO 31608 --- [restartedMain] c.i.s.SpringbootBlogRestApiApplication   : Starting SpringbootBlogRestApiApplication using Java 21 with PID 31608 (D:\Steven\PROJECTS\Spring\springboot-blog-rest-api\target\classes started by Steven in D:\Steven\PROJECTS\Spring\springboot-blog-rest-api)
2025-08-03T22:14:17.939+02:00  INFO 31608 --- [restartedMain] c.i.s.SpringbootBlogRestApiApplication   : The following 1 profile is active: "dev"
2025-08-03T22:14:17.992+02:00  INFO 31608 --- [restartedMain] .e.DevToolsPropertyDefaultsPostProcessor : Devtools property defaults active! Set 'spring.devtools.add-properties' to 'false' to disable
2025-08-03T22:14:17.992+02:00  INFO 31608 --- [restartedMain] .e.DevToolsPropertyDefaultsPostProcessor : For additional web related logging consider setting the 'logging.level.web' property to 'DEBUG'
2025-08-03T22:14:18.845+02:00  INFO 31608 --- [restartedMain] .s.d.r.c.RepositoryConfigurationDelegate : Bootstrapping Spring Data JPA repositories in DEFAULT mode.
2025-08-03T22:14:18.911+02:00  INFO 31608 --- [restartedMain] .s.d.r.c.RepositoryConfigurationDelegate : Finished Spring Data repository scanning in 58 ms. Found 4 JPA repository interfaces.
2025-08-03T22:14:19.518+02:00  INFO 31608 --- [restartedMain] o.s.b.w.embedded.tomcat.TomcatWebServer  : Tomcat initialized with port(s): 8080 (http)
2025-08-03T22:14:19.528+02:00  INFO 31608 --- [restartedMain] o.apache.catalina.core.StandardService   : Starting service [Tomcat]
2025-08-03T22:14:19.528+02:00  INFO 31608 --- [restartedMain] o.apache.catalina.core.StandardEngine    : Starting Servlet engine: [Apache Tomcat/10.1.4]
2025-08-03T22:14:19.581+02:00  INFO 31608 --- [restartedMain] o.a.c.c.C.[Tomcat].[localhost].[/]       : Initializing Spring embedded WebApplicationContext
2025-08-03T22:14:19.581+02:00  INFO 31608 --- [restartedMain] w.s.c.ServletWebServerApplicationContext : Root WebApplicationContext: initialization completed in 1588 ms
2025-08-03T22:14:19.761+02:00  INFO 31608 --- [restartedMain] o.hibernate.jpa.internal.util.LogHelper  : HHH000204: Processing PersistenceUnitInfo [name: default]
2025-08-03T22:14:19.830+02:00  INFO 31608 --- [restartedMain] org.hibernate.Version                    : HHH000412: Hibernate ORM core version 6.1.6.Final
2025-08-03T22:14:20.016+02:00  WARN 31608 --- [restartedMain] org.hibernate.orm.deprecation            : HHH90000021: Encountered deprecated setting [javax.persistence.sharedCache.mode], use [jakarta.persistence.sharedCache.mode] instead
2025-08-03T22:14:20.133+02:00  INFO 31608 --- [restartedMain] com.zaxxer.hikari.HikariDataSource       : HikariPool-1 - Starting...
2025-08-03T22:14:20.350+02:00  INFO 31608 --- [restartedMain] com.zaxxer.hikari.pool.HikariPool        : HikariPool-1 - Added connection com.mysql.cj.jdbc.ConnectionImpl@47d85872
2025-08-03T22:14:20.352+02:00  INFO 31608 --- [restartedMain] com.zaxxer.hikari.HikariDataSource       : HikariPool-1 - Start completed.
2025-08-03T22:14:20.479+02:00  INFO 31608 --- [restartedMain] SQL dialect                              : HHH000400: Using dialect: org.hibernate.dialect.MySQLDialect
2025-08-03T22:14:21.592+02:00  INFO 31608 --- [restartedMain] o.h.e.t.j.p.i.JtaPlatformInitiator       : HHH000490: Using JtaPlatform implementation: [org.hibernate.engine.transaction.jta.platform.internal.NoJtaPlatform]
2025-08-03T22:14:21.603+02:00  INFO 31608 --- [restartedMain] j.LocalContainerEntityManagerFactoryBean : Initialized JPA EntityManagerFactory for persistence unit 'default'
2025-08-03T22:14:22.111+02:00  WARN 31608 --- [restartedMain] JpaBaseConfiguration$JpaWebConfiguration : spring.jpa.open-in-view is enabled by default. Therefore, database queries may be performed during view rendering. Explicitly configure spring.jpa.open-in-view to disable this warning
2025-08-03T22:14:22.380+02:00  INFO 31608 --- [restartedMain] o.s.s.web.DefaultSecurityFilterChain     : Will secure any request with [org.springframework.security.web.session.DisableEncodeUrlFilter@3dda3093, org.springframework.security.web.context.request.async.WebAsyncManagerIntegrationFilter@63c0eda1, org.springframework.security.web.context.SecurityContextHolderFilter@4f4f6c6b, org.springframework.security.web.header.HeaderWriterFilter@384bcbc1, org.springframework.security.web.authentication.logout.LogoutFilter@27f461b0, org.springframework.security.web.authentication.www.BasicAuthenticationFilter@7f742617, org.springframework.security.web.savedrequest.RequestCacheAwareFilter@3b643ba, org.springframework.security.web.servletapi.SecurityContextHolderAwareRequestFilter@1e7beb89, org.springframework.security.web.authentication.AnonymousAuthenticationFilter@c22ac5c, org.springframework.security.web.access.ExceptionTranslationFilter@65655eba, org.springframework.security.web.access.intercept.AuthorizationFilter@3ef45c36]
2025-08-03T22:14:22.593+02:00  INFO 31608 --- [restartedMain] o.s.b.d.a.OptionalLiveReloadServer       : LiveReload server is running on port 35729
2025-08-03T22:14:22.630+02:00  INFO 31608 --- [restartedMain] o.s.b.w.embedded.tomcat.TomcatWebServer  : Tomcat started on port(s): 8080 (http) with context path ''
2025-08-03T22:14:22.636+02:00  INFO 31608 --- [restartedMain] c.i.s.SpringbootBlogRestApiApplication   : Started SpringbootBlogRestApiApplication in 5.168 seconds (process running for 6.768)
2025-08-03T22:14:39.197+02:00  INFO 31608 --- [http-nio-8080-exec-1] o.a.c.c.C.[Tomcat].[localhost].[/]       : Initializing Spring DispatcherServlet 'dispatcherServlet'
2025-08-03T22:14:39.197+02:00  INFO 31608 --- [http-nio-8080-exec-1] o.s.web.servlet.DispatcherServlet        : Initializing Servlet 'dispatcherServlet'
2025-08-03T22:14:39.198+02:00  INFO 31608 --- [http-nio-8080-exec-1] o.s.web.servlet.DispatcherServlet        : Completed initialization in 1 ms
2025-08-03T22:14:39.204+02:00 DEBUG 31608 --- [http-nio-8080-exec-1] o.s.security.web.FilterChainProxy        : Securing GET /login
2025-08-03T22:14:39.221+02:00 DEBUG 31608 --- [http-nio-8080-exec-1] o.s.s.w.a.AnonymousAuthenticationFilter  : Set SecurityContextHolder to anonymous SecurityContext
2025-08-03T22:14:39.230+02:00 DEBUG 31608 --- [http-nio-8080-exec-1] o.s.s.w.s.HttpSessionRequestCache        : Saved request http://localhost:8080/login?continue to session
2025-08-03T22:14:39.231+02:00 DEBUG 31608 --- [http-nio-8080-exec-1] s.w.a.DelegatingAuthenticationEntryPoint : Trying to match using RequestHeaderRequestMatcher [expectedHeaderName=X-Requested-With, expectedHeaderValue=XMLHttpRequest]
2025-08-03T22:14:39.231+02:00 DEBUG 31608 --- [http-nio-8080-exec-1] s.w.a.DelegatingAuthenticationEntryPoint : No match found. Using default entry point org.springframework.security.web.authentication.www.BasicAuthenticationEntryPoint@ab0642f
2025-08-03T22:14:39.234+02:00 DEBUG 31608 --- [http-nio-8080-exec-1] o.s.security.web.FilterChainProxy        : Securing GET /error
2025-08-03T22:14:39.240+02:00 DEBUG 31608 --- [http-nio-8080-exec-1] o.s.s.w.a.AnonymousAuthenticationFilter  : Set SecurityContextHolder to anonymous SecurityContext
2025-08-03T22:14:39.241+02:00 DEBUG 31608 --- [http-nio-8080-exec-1] o.s.s.w.s.HttpSessionRequestCache        : Saved request http://localhost:8080/error?continue to session
2025-08-03T22:14:39.242+02:00 DEBUG 31608 --- [http-nio-8080-exec-1] s.w.a.DelegatingAuthenticationEntryPoint : Trying to match using RequestHeaderRequestMatcher [expectedHeaderName=X-Requested-With, expectedHeaderValue=XMLHttpRequest]
2025-08-03T22:14:39.242+02:00 DEBUG 31608 --- [http-nio-8080-exec-1] s.w.a.DelegatingAuthenticationEntryPoint : No match found. Using default entry point org.springframework.security.web.authentication.www.BasicAuthenticationEntryPoint@ab0642f
2025-08-03T22:14:40.375+02:00 DEBUG 31608 --- [http-nio-8080-exec-2] o.s.security.web.FilterChainProxy        : Securing GET /login
2025-08-03T22:14:40.377+02:00 DEBUG 31608 --- [http-nio-8080-exec-2] o.s.s.w.a.AnonymousAuthenticationFilter  : Set SecurityContextHolder to anonymous SecurityContext
2025-08-03T22:14:40.377+02:00 DEBUG 31608 --- [http-nio-8080-exec-2] o.s.s.w.s.HttpSessionRequestCache        : Saved request http://localhost:8080/login?continue to session
2025-08-03T22:14:40.378+02:00 DEBUG 31608 --- [http-nio-8080-exec-2] s.w.a.DelegatingAuthenticationEntryPoint : Trying to match using RequestHeaderRequestMatcher [expectedHeaderName=X-Requested-With, expectedHeaderValue=XMLHttpRequest]
2025-08-03T22:14:40.378+02:00 DEBUG 31608 --- [http-nio-8080-exec-2] s.w.a.DelegatingAuthenticationEntryPoint : No match found. Using default entry point org.springframework.security.web.authentication.www.BasicAuthenticationEntryPoint@ab0642f
2025-08-03T22:14:40.378+02:00 DEBUG 31608 --- [http-nio-8080-exec-2] o.s.security.web.FilterChainProxy        : Securing GET /error
2025-08-03T22:14:40.379+02:00 DEBUG 31608 --- [http-nio-8080-exec-2] o.s.s.w.a.AnonymousAuthenticationFilter  : Set SecurityContextHolder to anonymous SecurityContext
2025-08-03T22:14:40.380+02:00 DEBUG 31608 --- [http-nio-8080-exec-2] o.s.s.w.s.HttpSessionRequestCache        : Saved request http://localhost:8080/error?continue to session
2025-08-03T22:14:40.380+02:00 DEBUG 31608 --- [http-nio-8080-exec-2] s.w.a.DelegatingAuthenticationEntryPoint : Trying to match using RequestHeaderRequestMatcher [expectedHeaderName=X-Requested-With, expectedHeaderValue=XMLHttpRequest]
2025-08-03T22:14:40.380+02:00 DEBUG 31608 --- [http-nio-8080-exec-2] s.w.a.DelegatingAuthenticationEntryPoint : No match found. Using default entry point org.springframework.security.web.authentication.www.BasicAuthenticationEntryPoint@ab0642f
2025-08-03T22:14:44.318+02:00 DEBUG 31608 --- [http-nio-8080-exec-3] o.s.security.web.FilterChainProxy        : Securing GET /login
2025-08-03T22:14:44.623+02:00 DEBUG 31608 --- [http-nio-8080-exec-3] o.s.s.a.dao.DaoAuthenticationProvider    : Authenticated user
2025-08-03T22:14:44.624+02:00 DEBUG 31608 --- [http-nio-8080-exec-3] o.s.s.w.a.www.BasicAuthenticationFilter  : Set SecurityContextHolder to UsernamePasswordAuthenticationToken [Principal=org.springframework.security.core.userdetails.User [Username=deseure.s@gmail.com, Password=[PROTECTED], Enabled=true, AccountNonExpired=true, credentialsNonExpired=true, AccountNonLocked=true, Granted Authorities=[ROLE_ADMIN]], Credentials=[PROTECTED], Authenticated=true, Details=WebAuthenticationDetails [RemoteIpAddress=0:0:0:0:0:0:0:1, SessionId=7241F9C199AA5D2ACFE8F6C379E987A7], Granted Authorities=[ROLE_ADMIN]]
2025-08-03T22:14:44.625+02:00 DEBUG 31608 --- [http-nio-8080-exec-3] o.s.security.web.FilterChainProxy        : Secured GET /login
2025-08-03T22:14:44.632+02:00 DEBUG 31608 --- [http-nio-8080-exec-3] o.s.security.web.FilterChainProxy        : Securing GET /error
2025-08-03T22:14:44.633+02:00 DEBUG 31608 --- [http-nio-8080-exec-3] o.s.security.web.FilterChainProxy        : Secured GET /error
2025-08-03T22:14:45.255+02:00 DEBUG 31608 --- [http-nio-8080-exec-4] o.s.security.web.FilterChainProxy        : Securing GET /favicon.ico
2025-08-03T22:14:45.334+02:00 DEBUG 31608 --- [http-nio-8080-exec-4] o.s.s.a.dao.DaoAuthenticationProvider    : Authenticated user
2025-08-03T22:14:45.334+02:00 DEBUG 31608 --- [http-nio-8080-exec-4] o.s.s.w.a.www.BasicAuthenticationFilter  : Set SecurityContextHolder to UsernamePasswordAuthenticationToken [Principal=org.springframework.security.core.userdetails.User [Username=deseure.s@gmail.com, Password=[PROTECTED], Enabled=true, AccountNonExpired=true, credentialsNonExpired=true, AccountNonLocked=true, Granted Authorities=[ROLE_ADMIN]], Credentials=[PROTECTED], Authenticated=true, Details=WebAuthenticationDetails [RemoteIpAddress=0:0:0:0:0:0:0:1, SessionId=7241F9C199AA5D2ACFE8F6C379E987A7], Granted Authorities=[ROLE_ADMIN]]
2025-08-03T22:14:45.335+02:00 DEBUG 31608 --- [http-nio-8080-exec-4] o.s.security.web.FilterChainProxy        : Secured GET /favicon.ico
2025-08-03T22:14:45.337+02:00 DEBUG 31608 --- [http-nio-8080-exec-4] o.s.security.web.FilterChainProxy        : Securing GET /error
2025-08-03T22:14:45.337+02:00 DEBUG 31608 --- [http-nio-8080-exec-4] o.s.security.web.FilterChainProxy        : Secured GET /error
2025-08-03T22:14:47.915+02:00 DEBUG 31608 --- [http-nio-8080-exec-5] o.s.security.web.FilterChainProxy        : Securing GET /api/posts
2025-08-03T22:14:47.996+02:00 DEBUG 31608 --- [http-nio-8080-exec-5] o.s.s.a.dao.DaoAuthenticationProvider    : Authenticated user
2025-08-03T22:14:47.996+02:00 DEBUG 31608 --- [http-nio-8080-exec-5] o.s.s.w.a.www.BasicAuthenticationFilter  : Set SecurityContextHolder to UsernamePasswordAuthenticationToken [Principal=org.springframework.security.core.userdetails.User [Username=deseure.s@gmail.com, Password=[PROTECTED], Enabled=true, AccountNonExpired=true, credentialsNonExpired=true, AccountNonLocked=true, Granted Authorities=[ROLE_ADMIN]], Credentials=[PROTECTED], Authenticated=true, Details=WebAuthenticationDetails [RemoteIpAddress=0:0:0:0:0:0:0:1, SessionId=7241F9C199AA5D2ACFE8F6C379E987A7], Granted Authorities=[ROLE_ADMIN]]
2025-08-03T22:14:47.997+02:00 DEBUG 31608 --- [http-nio-8080-exec-5] o.s.security.web.FilterChainProxy        : Secured GET /api/posts
2025-08-03T22:14:49.391+02:00 DEBUG 31608 --- [http-nio-8080-exec-6] o.s.security.web.FilterChainProxy        : Securing GET /api/posts
2025-08-03T22:14:49.472+02:00 DEBUG 31608 --- [http-nio-8080-exec-6] o.s.s.a.dao.DaoAuthenticationProvider    : Authenticated user
2025-08-03T22:14:49.473+02:00 DEBUG 31608 --- [http-nio-8080-exec-6] o.s.s.w.a.www.BasicAuthenticationFilter  : Set SecurityContextHolder to UsernamePasswordAuthenticationToken [Principal=org.springframework.security.core.userdetails.User [Username=deseure.s@gmail.com, Password=[PROTECTED], Enabled=true, AccountNonExpired=true, credentialsNonExpired=true, AccountNonLocked=true, Granted Authorities=[ROLE_ADMIN]], Credentials=[PROTECTED], Authenticated=true, Details=WebAuthenticationDetails [RemoteIpAddress=0:0:0:0:0:0:0:1, SessionId=7241F9C199AA5D2ACFE8F6C379E987A7], Granted Authorities=[ROLE_ADMIN]]
2025-08-03T22:14:49.474+02:00 DEBUG 31608 --- [http-nio-8080-exec-6] o.s.security.web.FilterChainProxy        : Secured GET /api/posts
2025-08-03T22:15:07.000+02:00 DEBUG 31608 --- [http-nio-8080-exec-7] o.s.security.web.FilterChainProxy        : Securing POST /api/auth/signin
2025-08-03T22:15:07.001+02:00 DEBUG 31608 --- [http-nio-8080-exec-7] o.s.security.web.FilterChainProxy        : Secured POST /api/auth/signin
2025-08-03T22:15:07.111+02:00 DEBUG 31608 --- [http-nio-8080-exec-7] o.s.s.a.dao.DaoAuthenticationProvider    : Failed to find user 'ExileNoir'
2025-08-03T22:15:07.119+02:00  WARN 31608 --- [http-nio-8080-exec-7] .m.m.a.ExceptionHandlerExceptionResolver : Resolved [org.springframework.security.authentication.BadCredentialsException: Bad credentials]
2025-08-03T22:15:07.119+02:00 DEBUG 31608 --- [http-nio-8080-exec-7] o.s.s.w.a.AnonymousAuthenticationFilter  : Set SecurityContextHolder to anonymous SecurityContext
2025-08-03T22:15:16.504+02:00 DEBUG 31608 --- [http-nio-8080-exec-10] o.s.security.web.FilterChainProxy        : Securing POST /api/auth/signup
2025-08-03T22:15:16.590+02:00 DEBUG 31608 --- [http-nio-8080-exec-10] o.s.s.a.dao.DaoAuthenticationProvider    : Failed to find user 'Salome'
2025-08-03T22:15:16.590+02:00 DEBUG 31608 --- [http-nio-8080-exec-10] o.s.s.w.a.www.BasicAuthenticationFilter  : Failed to process authentication request

org.springframework.security.authentication.BadCredentialsException: Bad credentials
	at org.springframework.security.authentication.dao.AbstractUserDetailsAuthenticationProvider.authenticate(AbstractUserDetailsAuthenticationProvider.java:141) ~[spring-security-core-6.0.1.jar:6.0.1]
	at org.springframework.security.authentication.ProviderManager.authenticate(ProviderManager.java:182) ~[spring-security-core-6.0.1.jar:6.0.1]
	at org.springframework.security.authentication.ProviderManager.authenticate(ProviderManager.java:201) ~[spring-security-core-6.0.1.jar:6.0.1]
	at org.springframework.security.web.authentication.www.BasicAuthenticationFilter.doFilterInternal(BasicAuthenticationFilter.java:176) ~[spring-security-web-6.0.1.jar:6.0.1]
	at org.springframework.web.filter.OncePerRequestFilter.doFilter(OncePerRequestFilter.java:116) ~[spring-web-6.0.3.jar:6.0.3]
	at org.springframework.security.web.FilterChainProxy$VirtualFilterChain.doFilter(FilterChainProxy.java:374) ~[spring-security-web-6.0.1.jar:6.0.1]
	at org.springframework.security.web.authentication.logout.LogoutFilter.doFilter(LogoutFilter.java:107) ~[spring-security-web-6.0.1.jar:6.0.1]
	at org.springframework.security.web.authentication.logout.LogoutFilter.doFilter(LogoutFilter.java:93) ~[spring-security-web-6.0.1.jar:6.0.1]
	at org.springframework.security.web.FilterChainProxy$VirtualFilterChain.doFilter(FilterChainProxy.java:374) ~[spring-security-web-6.0.1.jar:6.0.1]
	at org.springframework.security.web.header.HeaderWriterFilter.doHeadersAfter(HeaderWriterFilter.java:90) ~[spring-security-web-6.0.1.jar:6.0.1]
	at org.springframework.security.web.header.HeaderWriterFilter.doFilterInternal(HeaderWriterFilter.java:75) ~[spring-security-web-6.0.1.jar:6.0.1]
	at org.springframework.web.filter.OncePerRequestFilter.doFilter(OncePerRequestFilter.java:116) ~[spring-web-6.0.3.jar:6.0.3]
	at org.springframework.security.web.FilterChainProxy$VirtualFilterChain.doFilter(FilterChainProxy.java:374) ~[spring-security-web-6.0.1.jar:6.0.1]
	at org.springframework.security.web.context.SecurityContextHolderFilter.doFilter(SecurityContextHolderFilter.java:82) ~[spring-security-web-6.0.1.jar:6.0.1]
	at org.springframework.security.web.context.SecurityContextHolderFilter.doFilter(SecurityContextHolderFilter.java:69) ~[spring-security-web-6.0.1.jar:6.0.1]
	at org.springframework.security.web.FilterChainProxy$VirtualFilterChain.doFilter(FilterChainProxy.java:374) ~[spring-security-web-6.0.1.jar:6.0.1]
	at org.springframework.security.web.context.request.async.WebAsyncManagerIntegrationFilter.doFilterInternal(WebAsyncManagerIntegrationFilter.java:62) ~[spring-security-web-6.0.1.jar:6.0.1]
	at org.springframework.web.filter.OncePerRequestFilter.doFilter(OncePerRequestFilter.java:116) ~[spring-web-6.0.3.jar:6.0.3]
	at org.springframework.security.web.FilterChainProxy$VirtualFilterChain.doFilter(FilterChainProxy.java:374) ~[spring-security-web-6.0.1.jar:6.0.1]
	at org.springframework.security.web.session.DisableEncodeUrlFilter.doFilterInternal(DisableEncodeUrlFilter.java:42) ~[spring-security-web-6.0.1.jar:6.0.1]
	at org.springframework.web.filter.OncePerRequestFilter.doFilter(OncePerRequestFilter.java:116) ~[spring-web-6.0.3.jar:6.0.3]
	at org.springframework.security.web.FilterChainProxy$VirtualFilterChain.doFilter(FilterChainProxy.java:374) ~[spring-security-web-6.0.1.jar:6.0.1]
	at org.springframework.security.web.FilterChainProxy.doFilterInternal(FilterChainProxy.java:233) ~[spring-security-web-6.0.1.jar:6.0.1]
	at org.springframework.security.web.FilterChainProxy.doFilter(FilterChainProxy.java:191) ~[spring-security-web-6.0.1.jar:6.0.1]
	at org.springframework.web.filter.DelegatingFilterProxy.invokeDelegate(DelegatingFilterProxy.java:351) ~[spring-web-6.0.3.jar:6.0.3]
	at org.springframework.web.filter.DelegatingFilterProxy.doFilter(DelegatingFilterProxy.java:267) ~[spring-web-6.0.3.jar:6.0.3]
	at org.apache.catalina.core.ApplicationFilterChain.internalDoFilter(ApplicationFilterChain.java:185) ~[tomcat-embed-core-10.1.4.jar:10.1.4]
	at org.apache.catalina.core.ApplicationFilterChain.doFilter(ApplicationFilterChain.java:158) ~[tomcat-embed-core-10.1.4.jar:10.1.4]
	at org.springframework.web.filter.RequestContextFilter.doFilterInternal(RequestContextFilter.java:100) ~[spring-web-6.0.3.jar:6.0.3]
	at org.springframework.web.filter.OncePerRequestFilter.doFilter(OncePerRequestFilter.java:116) ~[spring-web-6.0.3.jar:6.0.3]
	at org.apache.catalina.core.ApplicationFilterChain.internalDoFilter(ApplicationFilterChain.java:185) ~[tomcat-embed-core-10.1.4.jar:10.1.4]
	at org.apache.catalina.core.ApplicationFilterChain.doFilter(ApplicationFilterChain.java:158) ~[tomcat-embed-core-10.1.4.jar:10.1.4]
	at org.springframework.web.filter.FormContentFilter.doFilterInternal(FormContentFilter.java:93) ~[spring-web-6.0.3.jar:6.0.3]
	at org.springframework.web.filter.OncePerRequestFilter.doFilter(OncePerRequestFilter.java:116) ~[spring-web-6.0.3.jar:6.0.3]
	at org.apache.catalina.core.ApplicationFilterChain.internalDoFilter(ApplicationFilterChain.java:185) ~[tomcat-embed-core-10.1.4.jar:10.1.4]
	at org.apache.catalina.core.ApplicationFilterChain.doFilter(ApplicationFilterChain.java:158) ~[tomcat-embed-core-10.1.4.jar:10.1.4]
	at org.springframework.web.filter.CharacterEncodingFilter.doFilterInternal(CharacterEncodingFilter.java:201) ~[spring-web-6.0.3.jar:6.0.3]
	at org.springframework.web.filter.OncePerRequestFilter.doFilter(OncePerRequestFilter.java:116) ~[spring-web-6.0.3.jar:6.0.3]
	at org.apache.catalina.core.ApplicationFilterChain.internalDoFilter(ApplicationFilterChain.java:185) ~[tomcat-embed-core-10.1.4.jar:10.1.4]
	at org.apache.catalina.core.ApplicationFilterChain.doFilter(ApplicationFilterChain.java:158) ~[tomcat-embed-core-10.1.4.jar:10.1.4]
	at org.apache.catalina.core.StandardWrapperValve.invoke(StandardWrapperValve.java:177) ~[tomcat-embed-core-10.1.4.jar:10.1.4]
	at org.apache.catalina.core.StandardContextValve.invoke(StandardContextValve.java:97) ~[tomcat-embed-core-10.1.4.jar:10.1.4]
	at org.apache.catalina.authenticator.AuthenticatorBase.invoke(AuthenticatorBase.java:542) ~[tomcat-embed-core-10.1.4.jar:10.1.4]
	at org.apache.catalina.core.StandardHostValve.invoke(StandardHostValve.java:119) ~[tomcat-embed-core-10.1.4.jar:10.1.4]
	at org.apache.catalina.valves.ErrorReportValve.invoke(ErrorReportValve.java:92) ~[tomcat-embed-core-10.1.4.jar:10.1.4]
	at org.apache.catalina.core.StandardEngineValve.invoke(StandardEngineValve.java:78) ~[tomcat-embed-core-10.1.4.jar:10.1.4]
	at org.apache.catalina.connector.CoyoteAdapter.service(CoyoteAdapter.java:357) ~[tomcat-embed-core-10.1.4.jar:10.1.4]
	at org.apache.coyote.http11.Http11Processor.service(Http11Processor.java:400) ~[tomcat-embed-core-10.1.4.jar:10.1.4]
	at org.apache.coyote.AbstractProcessorLight.process(AbstractProcessorLight.java:65) ~[tomcat-embed-core-10.1.4.jar:10.1.4]
	at org.apache.coyote.AbstractProtocol$ConnectionHandler.process(AbstractProtocol.java:859) ~[tomcat-embed-core-10.1.4.jar:10.1.4]
	at org.apache.tomcat.util.net.NioEndpoint$SocketProcessor.doRun(NioEndpoint.java:1734) ~[tomcat-embed-core-10.1.4.jar:10.1.4]
	at org.apache.tomcat.util.net.SocketProcessorBase.run(SocketProcessorBase.java:52) ~[tomcat-embed-core-10.1.4.jar:10.1.4]
	at org.apache.tomcat.util.threads.ThreadPoolExecutor.runWorker(ThreadPoolExecutor.java:1191) ~[tomcat-embed-core-10.1.4.jar:10.1.4]
	at org.apache.tomcat.util.threads.ThreadPoolExecutor$Worker.run(ThreadPoolExecutor.java:659) ~[tomcat-embed-core-10.1.4.jar:10.1.4]
	at org.apache.tomcat.util.threads.TaskThread$WrappingRunnable.run(TaskThread.java:61) ~[tomcat-embed-core-10.1.4.jar:10.1.4]
	at java.base/java.lang.Thread.run(Thread.java:1583) ~[na:na]

2025-08-03T22:15:16.594+02:00 DEBUG 31608 --- [http-nio-8080-exec-10] s.w.a.DelegatingAuthenticationEntryPoint : Trying to match using RequestHeaderRequestMatcher [expectedHeaderName=X-Requested-With, expectedHeaderValue=XMLHttpRequest]
2025-08-03T22:15:16.595+02:00 DEBUG 31608 --- [http-nio-8080-exec-10] s.w.a.DelegatingAuthenticationEntryPoint : No match found. Using default entry point org.springframework.security.web.authentication.www.BasicAuthenticationEntryPoint@ab0642f
2025-08-03T22:15:16.595+02:00 DEBUG 31608 --- [http-nio-8080-exec-10] o.s.security.web.FilterChainProxy        : Securing POST /error
2025-08-03T22:15:16.595+02:00 DEBUG 31608 --- [http-nio-8080-exec-10] o.s.s.w.a.AnonymousAuthenticationFilter  : Set SecurityContextHolder to anonymous SecurityContext
2025-08-03T22:15:16.596+02:00 DEBUG 31608 --- [http-nio-8080-exec-10] o.s.s.w.s.HttpSessionRequestCache        : Saved request http://localhost:8080/error?continue to session
2025-08-03T22:15:16.596+02:00 DEBUG 31608 --- [http-nio-8080-exec-10] s.w.a.DelegatingAuthenticationEntryPoint : Trying to match using RequestHeaderRequestMatcher [expectedHeaderName=X-Requested-With, expectedHeaderValue=XMLHttpRequest]
2025-08-03T22:15:16.596+02:00 DEBUG 31608 --- [http-nio-8080-exec-10] s.w.a.DelegatingAuthenticationEntryPoint : No match found. Using default entry point org.springframework.security.web.authentication.www.BasicAuthenticationEntryPoint@ab0642f
2025-08-03T22:15:39.149+02:00 DEBUG 31608 --- [http-nio-8080-exec-1] o.s.security.web.FilterChainProxy        : Securing POST /api/auth/signin
2025-08-03T22:15:39.150+02:00 DEBUG 31608 --- [http-nio-8080-exec-1] o.s.security.web.FilterChainProxy        : Secured POST /api/auth/signin
2025-08-03T22:15:39.228+02:00 DEBUG 31608 --- [http-nio-8080-exec-1] o.s.s.a.dao.DaoAuthenticationProvider    : Authenticated user
2025-08-03T22:15:39.229+02:00 DEBUG 31608 --- [http-nio-8080-exec-1] o.s.s.w.a.AnonymousAuthenticationFilter  : Set SecurityContextHolder to anonymous SecurityContext
2025-08-03T22:15:48.788+02:00 DEBUG 31608 --- [http-nio-8080-exec-3] o.s.security.web.FilterChainProxy        : Securing GET /api/posts
2025-08-03T22:15:48.788+02:00 DEBUG 31608 --- [http-nio-8080-exec-3] o.s.security.web.FilterChainProxy        : Secured GET /api/posts
2025-08-03T22:15:48.804+02:00 DEBUG 31608 --- [http-nio-8080-exec-3] o.s.s.w.a.AnonymousAuthenticationFilter  : Set SecurityContextHolder to anonymous SecurityContext
